<?xml version="1.0" encoding="UTF-8"?>
<testng-results ignored="0" total="1" passed="1" failed="0" skipped="0">
  <reporter-output>
  </reporter-output>
  <suite started-at="2024-02-14T10:02:11 IST" name="Suite" finished-at="2024-02-14T10:02:29 IST" duration-ms="18082">
    <groups>
    </groups>
    <test started-at="2024-02-14T10:02:11 IST" name="Test" finished-at="2024-02-14T10:02:29 IST" duration-ms="18082">
      <class name="TestCases.loginpage">
        <test-method is-config="true" signature="login()[pri:0, instance:TestCases.loginpage@4be29ed9]" started-at="2024-02-14T10:02:11 IST" name="login" finished-at="2024-02-14T10:02:18 IST" duration-ms="7580" status="PASS">
          <reporter-output>
          </reporter-output>
        </test-method> <!-- login -->
        <test-method signature="interview()[pri:0, instance:TestCases.loginpage@4be29ed9]" started-at="2024-02-14T10:02:18 IST" name="interview" finished-at="2024-02-14T10:02:29 IST" duration-ms="10340" status="PASS">
          <reporter-output>
          </reporter-output>
        </test-method> <!-- interview -->
      </class> <!-- TestCases.loginpage -->
    </test> <!-- Test -->
  </suite> <!-- Suite -->
</testng-results>
